C51 COMPILER V9.60.0.0   DS1307                                                            06/16/2022 23:03:24 PAGE 1   


C51 COMPILER V9.60.0.0, COMPILATION OF MODULE DS1307
OBJECT MODULE PLACED IN .\Objects\ds1307.obj
COMPILER INVOKED BY: C:\Keil_v5\C51\BIN\C51.EXE ds1307.c OPTIMIZE(8,SPEED) BROWSE DEBUG OBJECTEXTEND PRINT(.\Listings\ds
                    -1307.lst) TABS(2) OBJECT(.\Objects\ds1307.obj)

line level    source

   1          #include "DS1307.h"
   2          #include "I2C.h"
   3          
   4          #define DS1307_ID 0x00
   5          #define SEC_ADDRESS 0x00
   6          #define DATE_ADDRESS 0x04
   7          #define CONTROL 0x07


MODULE INFORMATION:   STATIC OVERLAYABLE
   CODE SIZE        =    428    ----
   CONSTANT SIZE    =   ----    ----
   XDATA SIZE       =   ----    ----
   PDATA SIZE       =   ----    ----
   DATA SIZE        =     12      24
   IDATA SIZE       =   ----    ----
   BIT SIZE         =   ----    ----
END OF MODULE INFORMATION.


C51 COMPILATION COMPLETE.  0 WARNING(S),  0 ERROR(S)
