C51 COMPILER V9.60.0.0   LCD                                                               06/16/2022 23:03:40 PAGE 1   


C51 COMPILER V9.60.0.0, COMPILATION OF MODULE LCD
OBJECT MODULE PLACED IN .\Objects\lcd.obj
COMPILER INVOKED BY: C:\Keil_v5\C51\BIN\C51.EXE lcd.c OPTIMIZE(8,SPEED) BROWSE DEBUG OBJECTEXTEND PRINT(.\Listings\lcd.l
                    -st) TABS(2) OBJECT(.\Objects\lcd.obj)

line level    source

   1          #include<reg51.h>
   2          #include "lcd.h"
*** WARNING C206 IN LINE 17 OF lcd.h: 'LCD_command_write': missing function-prototype
*** ERROR C267 IN LINE 17 OF lcd.h: 'LCD_command_write': requires ANSI-style prototype
*** ERROR C231 IN LINE 24 OF lcd.h: 'LCD_command_write': redefinition
*** ERROR C231 IN LINE 31 OF lcd.h: 'LCD_command_write': redefinition
   3          #include "delay.h"
   4          #define dataport P3       // LCD dataport connected to PORT1
   5          sbit rs= dataport^0;      // Register select pin connected to P1.0
   6          sbit rw= dataport^1;      // Read Write pin connected to P1.1
   7          sbit en= dataport^2;      // Enable pin connected to P1.2
   8          /* 16x2 lcd Specification */
   9          #define LCDMaxLines 2
  10          #define LCDMaxChars 16
  11          #define LineOne 0x80
  12          #define LineTwo 0xc0 
  13          #define BlankSpace ' '
  14          //LCD initilization
  15          void LCD_Init()
  16          {
  17   1          delay_us(5000);
  18   1         lcd_WriteCmd(0x02);  //initilize the LCD in 4bit Mode
  19   1         lcd_WriteCmd(0x28);
  20   1         lcd_WriteCmd(0x0C);  // display ON cursor ON
  21   1         lcd_WriteCmd(0x01);  // clear the LCD
  22   1         lcd_WriteCmd(0x80);  // move the Cursor to First line First Position
  23   1       
  24   1      }
  25           
  26           
  27          // lcd Write command function
  28          void lcd_WriteCmd( char a)
  29          {
  30   1       
  31   1         dataport=(a & 0xf0);        
  32   1         rs=0;                      
  33   1         rw=0;                 
  34   1         en=1;                 
  35   1         delay_us(1);
  36   1         en=0;
  37   1         delay_us(1);                  
  38   1         dataport=((a<<4) & 0xf0);   
  39   1         rs=0;                    
  40   1         rw=0;                    
  41   1         en=1;                      
  42   1         delay_us(1);
  43   1         en=0;
  44   1         delay_us(1);
  45   1      }
  46           
  47           
  48           // lcd writedata function
  49          void lcd_Writedata( char a)
  50          {
C51 COMPILER V9.60.0.0   LCD                                                               06/16/2022 23:03:40 PAGE 2   

  51   1       
  52   1       
  53   1         dataport=(a & 0xf0);        
  54   1           rs=1;                      
  55   1           rw=0;                      
  56   1           en=1;                      
  57   1          delay_us(1);
  58   1           en=0;
  59   1       
  60   1         delay_us(1);                
  61   1       
  62   1         dataport=((a <<4) & 0xf0);  
  63   1           rs=1;                    
  64   1           rw=0;                     
  65   1           en=1;                      
  66   1          delay_us(1);
  67   1           en=0;
  68   1       
  69   1         delay_us(1);
  70   1       
  71   1      }
  72          
  73           
  74           //lcd gotolinetwo fuction
  75          void lcd_Line_posnY()
  76          {
  77   1         lcd_WriteCmd(LineTwo);   // move the Cursor to Second line First Position
  78   1      }
  79           
  80           
  81           
  82          //lcd go to X(first row), Y(second row) line
  83          void lcd_curser_posn(char row, char col)
  84          {
  85   1         char pos;
  86   1       
  87   1          if(row<LCDMaxLines)
  88   1            {
  89   2               pos= LineOne | (row << 6);
  90   2                                          
  91   2       
  92   2              if(col<LCDMaxChars)
  93   2                 pos= pos+col;            
  94   2                                          
  95   2       
  96   2               lcd_WriteCmd(pos);        
  97   2             }
  98   1      }
  99           
 100          
 101          //lcd display string function
 102          void lcd_DisplayString(char *string_ptr)
 103          {
 104   1         while(*string_ptr)
 105   1          lcd_Writedata(*string_ptr++);
 106   1          }
 107           
 108           
 109          //lcd display rtc time function
 110          void lcd_DisplayRtcTime(char hour,char min,char sec)
 111          {
 112   1          lcd_Writedata(((hour>>4) & 0x0f) + 0x30);
C51 COMPILER V9.60.0.0   LCD                                                               06/16/2022 23:03:40 PAGE 3   

 113   1          lcd_Writedata((hour & 0x0f) + 0x30);
 114   1          lcd_Writedata(':');
 115   1       
 116   1          lcd_Writedata(((min>>4) & 0x0f) + 0x30);
 117   1          lcd_Writedata((min & 0x0f) + 0x30);
 118   1          lcd_Writedata(':');
 119   1       
 120   1          lcd_Writedata(((sec>>4) & 0x0f) + 0x30);
 121   1          lcd_Writedata((sec & 0x0f) + 0x30);
 122   1       
 123   1       }
 124           
 125           
 126           // lcd display rtc date function
 127          void lcd_DisplayRtcDate(char day,char month,char year)
 128           {
 129   1           lcd_Writedata(((day>>4) & 0x0f) + 0x30);
 130   1           lcd_Writedata((day & 0x0f) + 0x30);
 131   1           lcd_Writedata('/');
 132   1       
 133   1           lcd_Writedata(((month>>4) & 0x0f) + 0x30);
 134   1           lcd_Writedata((month & 0x0f) + 0x30);
 135   1           lcd_Writedata('/');
 136   1       
 137   1           lcd_Writedata(((year>>4) & 0x0f) + 0x30);
 138   1           lcd_Writedata((year & 0x0f) + 0x30);
 139   1       
 140   1       }
 141           
 142           
 143          
 144           void lcd_Clear()
 145          {
 146   1          lcd_WriteCmd(0x01);
 147   1      }
 148           

C51 COMPILATION COMPLETE.  1 WARNING(S),  3 ERROR(S)
